#0 building with "desktop-linux" instance using docker driver

#1 [internal] load .dockerignore
#1 transferring context: 2B done
#1 DONE 0.0s

#2 [internal] load build definition from Dockerfile
#2 transferring dockerfile: 700B done
#2 DONE 0.0s

#3 [internal] load metadata for docker.io/library/gradle:9.0.0-jdk24
#3 DONE 0.0s

#4 [internal] load metadata for docker.io/library/eclipse-temurin:24-jdk
#4 DONE 1.3s

#5 [stage-1 1/3] FROM docker.io/library/eclipse-temurin:24-jdk@sha256:7493205ffe6caa8074fa8a06a276bb1c5ac41d3dd0fd43a0db66d7f776e80b3e
#5 DONE 0.0s

#6 [stage-1 2/3] WORKDIR /app
#6 CACHED

#7 [build 1/4] FROM docker.io/library/gradle:9.0.0-jdk24
#7 DONE 0.0s

#8 [build 2/4] WORKDIR /home/gradle/project
#8 CACHED

#9 [internal] load build context
#9 transferring context: 19.43kB 0.0s done
#9 DONE 0.0s

#10 [build 3/4] COPY . .
#10 DONE 0.0s

#11 [build 4/4] RUN REAL_JAVA_HOME=$(dirname $(dirname $(readlink -f $(which javac))))   && echo "REAL_JAVA_HOME=$REAL_JAVA_HOME"   && $REAL_JAVA_HOME/bin/java -version   && $REAL_JAVA_HOME/bin/javac -version   && gradle clean build --no-daemon --stacktrace --info -Dorg.gradle.java.home=$REAL_JAVA_HOME
#11 0.118 REAL_JAVA_HOME=/opt/java/openjdk
#11 0.142 openjdk version "24.0.2" 2025-07-15
#11 0.142 OpenJDK Runtime Environment Temurin-24.0.2+12 (build 24.0.2+12)
#11 0.142 OpenJDK 64-Bit Server VM Temurin-24.0.2+12 (build 24.0.2+12, mixed mode, sharing)
#11 0.200 javac 24.0.2
#11 0.472 Initialized native services in: /home/gradle/.gradle/native
#11 0.473 Initialized jansi services in: /home/gradle/.gradle/native
#11 0.589 To honour the JVM settings for this build a single-use Daemon process will be forked. For more on this, please refer to https://docs.gradle.org/9.0.0/userguide/gradle_daemon.html#sec:disabling_the_daemon in the Gradle documentation.
#11 0.590 Received JVM installation metadata from '/opt/java/openjdk': {JAVA_HOME=/opt/java/openjdk, JAVA_VERSION=24.0.2, JAVA_VENDOR=Eclipse Adoptium, RUNTIME_NAME=OpenJDK Runtime Environment, RUNTIME_VERSION=24.0.2+12, VM_NAME=OpenJDK 64-Bit Server VM, VM_VERSION=24.0.2+12, VM_VENDOR=Eclipse Adoptium, OS_ARCH=aarch64}
#11 0.689 Starting process 'Gradle build daemon'. Working directory: /home/gradle/.gradle/daemon/9.0.0 Command: /opt/java/openjdk/bin/java --add-opens=java.base/java.lang=ALL-UNNAMED --add-opens=java.base/java.lang.invoke=ALL-UNNAMED --add-opens=java.base/java.util=ALL-UNNAMED --add-opens=java.prefs/java.util.prefs=ALL-UNNAMED --add-exports=jdk.compiler/com.sun.tools.javac.api=ALL-UNNAMED --add-exports=jdk.compiler/com.sun.tools.javac.util=ALL-UNNAMED --add-opens=java.base/java.util=ALL-UNNAMED --add-opens=java.prefs/java.util.prefs=ALL-UNNAMED --add-opens=java.base/java.nio.charset=ALL-UNNAMED --add-opens=java.base/java.net=ALL-UNNAMED --add-opens=java.base/java.util.concurrent=ALL-UNNAMED --add-opens=java.base/java.util.concurrent.atomic=ALL-UNNAMED --add-opens=java.xml/javax.xml.namespace=ALL-UNNAMED --enable-native-access=ALL-UNNAMED -XX:MaxMetaspaceSize=384m -XX:+HeapDumpOnOutOfMemoryError -Xms256m -Xmx512m -Dfile.encoding=UTF-8 -Duser.country=US -Duser.language=en -Duser.variant -cp /opt/gradle/lib/gradle-daemon-main-9.0.0.jar -javaagent:/opt/gradle/lib/agents/gradle-instrumentation-agent-9.0.0.jar org.gradle.launcher.daemon.bootstrap.GradleDaemon 9.0.0
#11 0.689 Successfully started process 'Gradle build daemon'
#11 1.089 An attempt to start the daemon took 0.486 secs.
#11 1.189 The client will now receive all logging from the daemon (pid: 86). The daemon log file: /home/gradle/.gradle/daemon/9.0.0/daemon-86.out.log
#11 1.190 Daemon will be stopped at the end of the build 
#11 1.389 Using 4 worker leases.
#11 1.489 Received JVM installation metadata from '/opt/java/openjdk': {JAVA_HOME=/opt/java/openjdk, JAVA_VERSION=24.0.2, JAVA_VENDOR=Eclipse Adoptium, RUNTIME_NAME=OpenJDK Runtime Environment, RUNTIME_VERSION=24.0.2+12, VM_NAME=OpenJDK 64-Bit Server VM, VM_VERSION=24.0.2+12, VM_VENDOR=Eclipse Adoptium, OS_ARCH=aarch64}
#11 1.689 Watching the file system is configured to be enabled if available
#11 1.689 Unable to list file systems to check whether they can be watched. Disabling watching. Reason: Could not query file systems: could not open mount file (errno 2: No such file or directory)
#11 1.689 File system watching is inactive
#11 1.889 Starting Build
#11 1.889 Caching disabled for Groovy DSL script compilation (cp_settings) because:
#11 1.889   Build cache is disabled
#11 1.889   Not worth caching.
#11 1.889 Compiling settings file '/home/gradle/project/settings.gradle' using SubsetScriptTransformer.
#11 2.790 Downloading https://plugins.gradle.org/m2/org/gradle/toolchains/foojay-resolver-convention/org.gradle.toolchains.foojay-resolver-convention.gradle.plugin/1.0.0/org.gradle.toolchains.foojay-resolver-convention.gradle.plugin-1.0.0.pom to /home/gradle/.gradle/.tmp/gradle_download3309025114346943545bin
#11 2.890 Resource missing. [HTTP HEAD: https://plugins.gradle.org/m2/org/gradle/toolchains/foojay-resolver-convention/org.gradle.toolchains.foojay-resolver-convention.gradle.plugin/1.0.0/org.gradle.toolchains.foojay-resolver-convention.gradle.plugin-1.0.0.jar]
#11 2.890 Resolved plugin [id: 'org.gradle.toolchains.foojay-resolver-convention', version: '1.0.0']
#11 3.890 Downloading https://plugins.gradle.org/m2/org/gradle/toolchains/foojay-resolver/1.0.0/foojay-resolver-1.0.0.pom to /home/gradle/.gradle/.tmp/gradle_download8302672415486910189bin
#11 4.190 Downloading https://plugins.gradle.org/m2/org/gradle/toolchains/foojay-resolver/1.0.0/foojay-resolver-1.0.0.module to /home/gradle/.gradle/.tmp/gradle_download2319580326199087758bin
#11 4.389 Downloading https://plugins.gradle.org/m2/org/gradle/toolchains/foojay-resolver/1.0.0/foojay-resolver-1.0.0.jar to /home/gradle/.gradle/.tmp/gradle_download7128375273721026838bin
#11 4.789 Caching disabled for InstrumentationAnalysisTransform: /home/gradle/.gradle/caches/modules-2/files-2.1/org.gradle.toolchains/foojay-resolver/1.0.0/72c0af50bc9156fb2a9429ed152abb4417bb6eaf/foojay-resolver-1.0.0.jar because:
#11 4.789   Build cache is disabled
#11 4.789   Caching not enabled.
#11 4.789 Caching disabled for MergeInstrumentationAnalysisTransform: /home/gradle/.gradle/caches/9.0.0/transforms/a165e720ecf973056561eac1d2617550/transformed/.gradle-instrumented-classpath.marker because:
#11 4.789   Build cache is disabled
#11 4.789   Caching not enabled.
#11 4.790 Caching disabled for MergeInstrumentationAnalysisTransform: /home/gradle/.gradle/caches/9.0.0/transforms/a165e720ecf973056561eac1d2617550/transformed/analysis/instrumentation-hierarchy.bin because:
#11 4.790   Build cache is disabled
#11 4.790   Caching not enabled.
#11 4.790 Caching disabled for MergeInstrumentationAnalysisTransform: /home/gradle/.gradle/caches/9.0.0/transforms/a165e720ecf973056561eac1d2617550/transformed/analysis/instrumentation-dependencies.bin because:
#11 4.790   Build cache is disabled
#11 4.790   Caching not enabled.
#11 4.889 Caching disabled for MergeInstrumentationAnalysisTransform: /home/gradle/.gradle/caches/modules-2/files-2.1/org.gradle.toolchains/foojay-resolver/1.0.0/72c0af50bc9156fb2a9429ed152abb4417bb6eaf/foojay-resolver-1.0.0.jar because:
#11 4.889   Build cache is disabled
#11 4.889   Caching not enabled.
#11 4.889 Caching disabled for ExternalDependencyInstrumentingArtifactTransform: /home/gradle/.gradle/caches/9.0.0/transforms/7a3f3c32d8c940d6e4815a4852b54745/transformed/.gradle-instrumented-classpath.marker because:
#11 4.889   Build cache is disabled
#11 4.889   Caching not enabled.
#11 4.889 Caching disabled for ExternalDependencyInstrumentingArtifactTransform: /home/gradle/.gradle/caches/9.0.0/transforms/7a3f3c32d8c940d6e4815a4852b54745/transformed/merge/instrumentation-dependencies.bin because:
#11 4.889   Build cache is disabled
#11 4.890   Caching not enabled.
#11 4.890 Caching disabled for ExternalDependencyInstrumentingArtifactTransform: /home/gradle/.gradle/caches/modules-2/files-2.1/org.gradle.toolchains/foojay-resolver/1.0.0/72c0af50bc9156fb2a9429ed152abb4417bb6eaf/foojay-resolver-1.0.0.jar because:
#11 4.890   Build cache is disabled
#11 4.890   Caching not enabled.
#11 4.989 Caching disabled for Groovy DSL script compilation (settings) because:
#11 4.989   Build cache is disabled
#11 4.989   Not worth caching.
#11 4.989 Compiling settings file '/home/gradle/project/settings.gradle' using BuildScriptTransformer.
#11 4.989 Settings evaluated using settings file '/home/gradle/project/settings.gradle'.
#11 4.991 Using local directory build cache for the root build (location = /home/gradle/.gradle/caches/build-cache-1, remove unused entries = after 7 days).
#11 5.189 Caching disabled for generation of dependency accessors for libs because:
#11 5.190   Not worth caching.
#11 5.489 Projects loaded. Root project using build file '/home/gradle/project/build.gradle'.
#11 5.489 Included projects: [root project 'sll-reverse-between', project ':app']
#11 5.490 
#11 5.490 > Configure project :
#11 5.491 Evaluating root project 'sll-reverse-between' using build file '/home/gradle/project/build.gradle'.
#11 5.889 
#11 5.890 > Configure project :app
#11 5.890 Evaluating project ':app' using build file '/home/gradle/project/app/build.gradle'.
#11 5.890 Caching disabled for Groovy DSL script compilation (cp_proj) because:
#11 5.891   Not worth caching.
#11 5.891 Compiling build file '/home/gradle/project/app/build.gradle' using SubsetScriptTransformer.
#11 5.891 Resolved plugin [id: 'application']
#11 5.892 Caching disabled for Groovy DSL script compilation (proj) because:
#11 5.892   Not worth caching.
#11 5.892 Compiling build file '/home/gradle/project/app/build.gradle' using BuildScriptTransformer.
#11 5.892 All projects evaluated.
#11 5.893 Task name matched 'clean'
#11 5.893 Task name matched 'build'
#11 5.894 Selected primary task 'clean' from project :
#11 5.894 Selected primary task 'build' from project :
#11 5.989 Tasks to be executed: [task ':app:clean', task ':app:compileJava', task ':app:processResources', task ':app:classes', task ':app:jar', task ':app:startScripts', task ':app:distTar', task ':app:distZip', task ':app:assemble', task ':app:compileTestJava', task ':app:processTestResources', task ':app:testClasses', task ':app:test', task ':app:check', task ':app:build']
#11 5.989 Tasks that were excluded: []
#11 5.989 Resolve mutations for :app:clean (Thread[#59,included builds,5,main]) started.
#11 5.989 :app:clean (Thread[#59,included builds,5,main]) started.
#11 5.989 destroyer locations for task group 0 (Thread[#61,Execution worker Thread 2,5,main]) started.
#11 5.989 
#11 5.990 > Task :app:clean
#11 5.990 Caching disabled for task ':app:clean' because:
#11 5.990   Deletion cannot be cached
#11 5.990 Task ':app:clean' is not up-to-date because:
#11 5.990   Task has not declared any outputs despite executing actions.
#11 5.990 Resolve mutations for :app:compileJava (Thread[#59,included builds,5,main]) started.
#11 5.990 :app:compileJava (Thread[#59,included builds,5,main]) started.
#11 7.991 
#11 7.991 > Task :app:compileJava
#11 7.991 Downloading https://repo.maven.apache.org/maven2/com/google/guava/guava/33.4.6-jre/guava-33.4.6-jre.pom to /home/gradle/.gradle/.tmp/gradle_download9082416065923164558bin
#11 7.991 Downloading https://repo.maven.apache.org/maven2/org/projectlombok/lombok/1.18.40/lombok-1.18.40.pom to /home/gradle/.gradle/.tmp/gradle_download1028804475793699112bin
#11 7.992 Downloading https://repo.maven.apache.org/maven2/com/google/guava/guava-parent/33.4.6-jre/guava-parent-33.4.6-jre.pom to /home/gradle/.gradle/.tmp/gradle_download5788415023688324908bin
#11 7.992 Downloading https://repo.maven.apache.org/maven2/com/google/guava/guava/33.4.6-jre/guava-33.4.6-jre.module to /home/gradle/.gradle/.tmp/gradle_download2557900354522758223bin
#11 7.992 Downloading https://repo.maven.apache.org/maven2/org/jspecify/jspecify/1.0.0/jspecify-1.0.0.pom to /home/gradle/.gradle/.tmp/gradle_download9537989707349443788bin
#11 7.993 Downloading https://repo.maven.apache.org/maven2/com/google/guava/listenablefuture/9999.0-empty-to-avoid-conflict-with-guava/listenablefuture-9999.0-empty-to-avoid-conflict-with-guava.pom to /home/gradle/.gradle/.tmp/gradle_download1907357604705535390bin
#11 7.994 Downloading https://repo.maven.apache.org/maven2/com/google/guava/guava-parent/26.0-android/guava-parent-26.0-android.pom to /home/gradle/.gradle/.tmp/gradle_download4125002957415248945bin
#11 7.994 Downloading https://repo.maven.apache.org/maven2/org/jspecify/jspecify/1.0.0/jspecify-1.0.0.module to /home/gradle/.gradle/.tmp/gradle_download7082002490935126519bin
#11 7.994 Downloading https://repo.maven.apache.org/maven2/com/google/errorprone/error_prone_annotations/2.36.0/error_prone_annotations-2.36.0.pom to /home/gradle/.gradle/.tmp/gradle_download993506061908384bin
#11 7.994 Downloading https://repo.maven.apache.org/maven2/com/google/j2objc/j2objc-annotations/3.0.0/j2objc-annotations-3.0.0.pom to /home/gradle/.gradle/.tmp/gradle_download5152009897938676671bin
#11 7.994 Downloading https://repo.maven.apache.org/maven2/com/google/guava/failureaccess/1.0.3/failureaccess-1.0.3.pom to /home/gradle/.gradle/.tmp/gradle_download2726763958678898556bin
#11 7.995 Downloading https://repo.maven.apache.org/maven2/org/sonatype/oss/oss-parent/9/oss-parent-9.pom to /home/gradle/.gradle/.tmp/gradle_download6342970456898555734bin
#11 7.995 Downloading https://repo.maven.apache.org/maven2/com/google/errorprone/error_prone_parent/2.36.0/error_prone_parent-2.36.0.pom to /home/gradle/.gradle/.tmp/gradle_download1737897969453239481bin
#11 7.995 Downloading https://repo.maven.apache.org/maven2/com/google/guava/guava-parent/33.4.0-android/guava-parent-33.4.0-android.pom to /home/gradle/.gradle/.tmp/gradle_download727331395296344639bin
#11 7.995 Downloading https://repo.maven.apache.org/maven2/com/google/guava/listenablefuture/9999.0-empty-to-avoid-conflict-with-guava/listenablefuture-9999.0-empty-to-avoid-conflict-with-guava.jar to /home/gradle/.gradle/.tmp/gradle_download4793841913608466761bin
#11 7.995 Downloading https://repo.maven.apache.org/maven2/org/projectlombok/lombok/1.18.40/lombok-1.18.40.jar to /home/gradle/.gradle/.tmp/gradle_download18022364089698548308bin
#11 7.995 Downloading https://repo.maven.apache.org/maven2/com/google/guava/failureaccess/1.0.3/failureaccess-1.0.3.jar to /home/gradle/.gradle/.tmp/gradle_download11072075917707037901bin
#11 7.996 Downloading https://repo.maven.apache.org/maven2/com/google/guava/guava/33.4.6-jre/guava-33.4.6-jre.jar to /home/gradle/.gradle/.tmp/gradle_download6986819836424590063bin
#11 7.996 Downloading https://repo.maven.apache.org/maven2/org/jspecify/jspecify/1.0.0/jspecify-1.0.0.jar to /home/gradle/.gradle/.tmp/gradle_download3777121711396822159bin
#11 7.996 Downloading https://repo.maven.apache.org/maven2/com/google/errorprone/error_prone_annotations/2.36.0/error_prone_annotations-2.36.0.jar to /home/gradle/.gradle/.tmp/gradle_download9259212436178245945bin
#11 7.996 Downloading https://repo.maven.apache.org/maven2/com/google/j2objc/j2objc-annotations/3.0.0/j2objc-annotations-3.0.0.jar to /home/gradle/.gradle/.tmp/gradle_download17116663867379326618bin
#11 13.79 Build cache key for task ':app:compileJava' is d3c03597e5865f2f21aaa0c53e408c64
#11 13.79 Task ':app:compileJava' is not up-to-date because:
#11 13.79   Output property 'destinationDirectory' file /home/gradle/project/app/build/classes/java/main has been removed.
#11 13.79   Output property 'destinationDirectory' file /home/gradle/project/app/build/classes/java/main/com has been removed.
#11 13.79   Output property 'destinationDirectory' file /home/gradle/project/app/build/classes/java/main/com/jk has been removed.
#11 13.79   and more...
#11 13.79 The input changes require a full rebuild for incremental task ':app:compileJava'.
#11 13.79 Compilation mode: in-process compilation
#11 13.79 Full recompilation is required because no incremental change information is available. This is usually caused by clean builds or changing compiler arguments.
#11 13.79 Compiling with toolchain '/opt/java/openjdk'.
#11 13.79 Compiling with JDK Java compiler API.
#11 13.99 Class dependency analysis for incremental compilation took 0.011 secs.
#11 14.49 Created classpath snapshot for incremental compilation in 0.471 secs.
#11 14.50 Stored cache entry for task ':app:compileJava' with cache key d3c03597e5865f2f21aaa0c53e408c64
#11 14.50 Resolve mutations for :app:processResources (Thread[#61,Execution worker Thread 2,5,main]) started.
#11 14.50 :app:processResources (Thread[#61,Execution worker Thread 2,5,main]) started.
#11 14.50 
#11 14.50 > Task :app:processResources NO-SOURCE
#11 14.51 Skipping task ':app:processResources' as it has no source files and no previous output files.
#11 14.51 Resolve mutations for :app:classes (Thread[#61,Execution worker Thread 2,5,main]) started.
#11 14.51 :app:classes (Thread[#61,Execution worker Thread 2,5,main]) started.
#11 14.51 
#11 14.51 > Task :app:classes
#11 14.51 Skipping task ':app:classes' as it has no actions.
#11 14.51 Resolve mutations for :app:jar (Thread[#61,Execution worker Thread 2,5,main]) started.
#11 14.51 :app:jar (Thread[#61,Execution worker Thread 2,5,main]) started.
#11 14.59 
#11 14.59 > Task :app:jar
#11 14.59 Caching disabled for task ':app:jar' because:
#11 14.59   Not worth caching
#11 14.59 Task ':app:jar' is not up-to-date because:
#11 14.59   Output property 'archiveFile' file /home/gradle/project/app/build/libs/sll-reverse-between.jar has been removed.
#11 14.59 file or directory '/home/gradle/project/app/build/resources/main', not found
#11 14.59 Resolve mutations for :app:startScripts (Thread[#59,included builds,5,main]) started.
#11 14.59 :app:startScripts (Thread[#59,included builds,5,main]) started.
#11 14.79 
#11 14.79 > Task :app:startScripts
#11 14.79 Caching disabled for task ':app:startScripts' because:
#11 14.79   Not worth caching
#11 14.79 Task ':app:startScripts' is not up-to-date because:
#11 14.79   Output property 'outputDir' file /home/gradle/project/app/build/scripts has been removed.
#11 14.79   Output property 'outputDir' file /home/gradle/project/app/build/scripts/app has been removed.
#11 14.79   Output property 'outputDir' file /home/gradle/project/app/build/scripts/app.bat has been removed.
#11 14.79 Resolve mutations for :app:distTar (Thread[#59,included builds,5,main]) started.
#11 14.79 :app:distTar (Thread[#61,Execution worker Thread 2,5,main]) started.
#11 14.79 
#11 14.79 > Task :app:distTar
#11 14.79 Caching disabled for task ':app:distTar' because:
#11 14.79   Not worth caching
#11 14.79 Task ':app:distTar' is not up-to-date because:
#11 14.79   Output property 'archiveFile' file /home/gradle/project/app/build/distributions/app.tar has been removed.
#11 14.79 file or directory '/home/gradle/project/app/src/main/dist', not found
#11 14.79 file or directory '/home/gradle/project/app/src/dist', not found
#11 14.79 Resolve mutations for :app:distZip (Thread[#61,Execution worker Thread 2,5,main]) started.
#11 14.79 :app:distZip (Thread[#61,Execution worker Thread 2,5,main]) started.
#11 14.89 
#11 14.89 > Task :app:distZip
#11 14.89 Caching disabled for task ':app:distZip' because:
#11 14.89   Not worth caching
#11 14.89 Task ':app:distZip' is not up-to-date because:
#11 14.89   Output property 'archiveFile' file /home/gradle/project/app/build/distributions/app.zip has been removed.
#11 14.89 file or directory '/home/gradle/project/app/src/main/dist', not found
#11 14.89 file or directory '/home/gradle/project/app/src/dist', not found
#11 14.89 Resolve mutations for :app:assemble (Thread[#61,Execution worker Thread 2,5,main]) started.
#11 14.89 :app:assemble (Thread[#61,Execution worker Thread 2,5,main]) started.
#11 14.89 
#11 14.89 > Task :app:assemble
#11 14.89 Skipping task ':app:assemble' as it has no actions.
#11 14.89 Resolve mutations for :app:compileTestJava (Thread[#61,Execution worker Thread 2,5,main]) started.
#11 14.89 :app:compileTestJava (Thread[#61,Execution worker Thread 2,5,main]) started.
#11 16.69 
#11 16.69 > Task :app:compileTestJava
#11 16.69 Downloading https://repo.maven.apache.org/maven2/org/junit/jupiter/junit-jupiter/5.12.1/junit-jupiter-5.12.1.pom to /home/gradle/.gradle/.tmp/gradle_download13883830973477436061bin
#11 16.69 Downloading https://repo.maven.apache.org/maven2/org/junit/junit-bom/5.12.1/junit-bom-5.12.1.pom to /home/gradle/.gradle/.tmp/gradle_download15417984232840082976bin
#11 16.69 Downloading https://repo.maven.apache.org/maven2/org/junit/junit-bom/5.12.1/junit-bom-5.12.1.module to /home/gradle/.gradle/.tmp/gradle_download6157912031955832818bin
#11 16.69 Downloading https://repo.maven.apache.org/maven2/org/junit/jupiter/junit-jupiter/5.12.1/junit-jupiter-5.12.1.module to /home/gradle/.gradle/.tmp/gradle_download13802617755030006906bin
#11 16.69 Downloading https://repo.maven.apache.org/maven2/org/junit/jupiter/junit-jupiter-api/5.12.1/junit-jupiter-api-5.12.1.pom to /home/gradle/.gradle/.tmp/gradle_download13509952945080158127bin
#11 16.69 Downloading https://repo.maven.apache.org/maven2/org/junit/jupiter/junit-jupiter-api/5.12.1/junit-jupiter-api-5.12.1.module to /home/gradle/.gradle/.tmp/gradle_download3348590234082536056bin
#11 16.69 Downloading https://repo.maven.apache.org/maven2/org/junit/jupiter/junit-jupiter-params/5.12.1/junit-jupiter-params-5.12.1.pom to /home/gradle/.gradle/.tmp/gradle_download13951649348485034437bin
#11 16.69 Downloading https://repo.maven.apache.org/maven2/org/junit/jupiter/junit-jupiter-params/5.12.1/junit-jupiter-params-5.12.1.module to /home/gradle/.gradle/.tmp/gradle_download7024370630858623076bin
#11 16.69 Downloading https://repo.maven.apache.org/maven2/org/apiguardian/apiguardian-api/1.1.2/apiguardian-api-1.1.2.pom to /home/gradle/.gradle/.tmp/gradle_download15445848291325389462bin
#11 16.69 Downloading https://repo.maven.apache.org/maven2/org/opentest4j/opentest4j/1.3.0/opentest4j-1.3.0.pom to /home/gradle/.gradle/.tmp/gradle_download10195492475577129028bin
#11 16.69 Downloading https://repo.maven.apache.org/maven2/org/opentest4j/opentest4j/1.3.0/opentest4j-1.3.0.module to /home/gradle/.gradle/.tmp/gradle_download1603009718405616611bin
#11 16.69 Downloading https://repo.maven.apache.org/maven2/org/apiguardian/apiguardian-api/1.1.2/apiguardian-api-1.1.2.module to /home/gradle/.gradle/.tmp/gradle_download1331996617569873273bin
#11 16.69 Downloading https://repo.maven.apache.org/maven2/org/junit/platform/junit-platform-commons/1.12.1/junit-platform-commons-1.12.1.pom to /home/gradle/.gradle/.tmp/gradle_download13361248348853306219bin
#11 16.69 Downloading https://repo.maven.apache.org/maven2/org/junit/platform/junit-platform-commons/1.12.1/junit-platform-commons-1.12.1.module to /home/gradle/.gradle/.tmp/gradle_download2832430942214372834bin
#11 16.69 Downloading https://repo.maven.apache.org/maven2/org/junit/jupiter/junit-jupiter/5.12.1/junit-jupiter-5.12.1.jar to /home/gradle/.gradle/.tmp/gradle_download3049094573874269989bin
#11 16.69 Downloading https://repo.maven.apache.org/maven2/org/junit/platform/junit-platform-commons/1.12.1/junit-platform-commons-1.12.1.jar to /home/gradle/.gradle/.tmp/gradle_download16817565675579713192bin
#11 16.69 Downloading https://repo.maven.apache.org/maven2/org/junit/jupiter/junit-jupiter-api/5.12.1/junit-jupiter-api-5.12.1.jar to /home/gradle/.gradle/.tmp/gradle_download10147284471125944013bin
#11 16.69 Downloading https://repo.maven.apache.org/maven2/org/junit/jupiter/junit-jupiter-params/5.12.1/junit-jupiter-params-5.12.1.jar to /home/gradle/.gradle/.tmp/gradle_download11493405961213177866bin
#11 16.69 Downloading https://repo.maven.apache.org/maven2/org/opentest4j/opentest4j/1.3.0/opentest4j-1.3.0.jar to /home/gradle/.gradle/.tmp/gradle_download9981999372335822574bin
#11 16.69 Downloading https://repo.maven.apache.org/maven2/org/apiguardian/apiguardian-api/1.1.2/apiguardian-api-1.1.2.jar to /home/gradle/.gradle/.tmp/gradle_download730513091383574101bin
#11 16.69 Build cache key for task ':app:compileTestJava' is 14686e6e34d636d44952a29682ce9d61
#11 16.69 Task ':app:compileTestJava' is not up-to-date because:
#11 16.69   Output property 'destinationDirectory' file /home/gradle/project/app/build/classes/java/test has been removed.
#11 16.69   Output property 'destinationDirectory' file /home/gradle/project/app/build/classes/java/test/com has been removed.
#11 16.69   Output property 'destinationDirectory' file /home/gradle/project/app/build/classes/java/test/com/jk has been removed.
#11 16.69   and more...
#11 16.69 The input changes require a full rebuild for incremental task ':app:compileTestJava'.
#11 16.69 Compilation mode: in-process compilation
#11 16.69 Full recompilation is required because no incremental change information is available. This is usually caused by clean builds or changing compiler arguments.
#11 16.69 Compiling with toolchain '/opt/java/openjdk'.
#11 16.69 Compiling with JDK Java compiler API.
#11 16.69 Class dependency analysis for incremental compilation took 0.001 secs.
#11 16.69 Created classpath snapshot for incremental compilation in 0.082 secs.
#11 16.69 Stored cache entry for task ':app:compileTestJava' with cache key 14686e6e34d636d44952a29682ce9d61
#11 16.69 Resolve mutations for :app:processTestResources (Thread[#61,Execution worker Thread 2,5,main]) started.
#11 16.69 :app:processTestResources (Thread[#61,Execution worker Thread 2,5,main]) started.
#11 16.69 
#11 16.69 > Task :app:processTestResources NO-SOURCE
#11 16.69 Skipping task ':app:processTestResources' as it has no source files and no previous output files.
#11 16.69 Resolve mutations for :app:testClasses (Thread[#61,Execution worker Thread 2,5,main]) started.
#11 16.69 :app:testClasses (Thread[#61,Execution worker Thread 2,5,main]) started.
#11 16.69 
#11 16.69 > Task :app:testClasses
#11 16.69 Skipping task ':app:testClasses' as it has no actions.
#11 16.69 Resolve mutations for :app:test (Thread[#61,Execution worker Thread 2,5,main]) started.
#11 16.69 :app:test (Thread[#61,Execution worker Thread 2,5,main]) started.
#11 18.09 Gradle Test Executor 1 started executing tests.
#11 18.19 Gradle Test Executor 1 finished executing tests.
#11 18.23 
#11 18.23 > Task :app:test
#11 18.23 Downloading https://repo.maven.apache.org/maven2/org/junit/jupiter/junit-jupiter-engine/5.12.1/junit-jupiter-engine-5.12.1.pom to /home/gradle/.gradle/.tmp/gradle_download16271840765827426478bin
#11 18.23 Downloading https://repo.maven.apache.org/maven2/org/junit/jupiter/junit-jupiter-engine/5.12.1/junit-jupiter-engine-5.12.1.module to /home/gradle/.gradle/.tmp/gradle_download8076604081440979133bin
#11 18.23 Downloading https://repo.maven.apache.org/maven2/org/junit/platform/junit-platform-launcher/1.12.1/junit-platform-launcher-1.12.1.pom to /home/gradle/.gradle/.tmp/gradle_download9666600097117038972bin
#11 18.23 Downloading https://repo.maven.apache.org/maven2/org/junit/platform/junit-platform-launcher/1.12.1/junit-platform-launcher-1.12.1.module to /home/gradle/.gradle/.tmp/gradle_download5440385598751206993bin
#11 18.23 Downloading https://repo.maven.apache.org/maven2/org/junit/platform/junit-platform-engine/1.12.1/junit-platform-engine-1.12.1.pom to /home/gradle/.gradle/.tmp/gradle_download17240958603606670863bin
#11 18.23 Downloading https://repo.maven.apache.org/maven2/org/junit/platform/junit-platform-engine/1.12.1/junit-platform-engine-1.12.1.module to /home/gradle/.gradle/.tmp/gradle_download1730840826638992115bin
#11 18.23 Downloading https://repo.maven.apache.org/maven2/org/junit/platform/junit-platform-launcher/1.12.1/junit-platform-launcher-1.12.1.jar to /home/gradle/.gradle/.tmp/gradle_download10766178105804676006bin
#11 18.23 Downloading https://repo.maven.apache.org/maven2/org/junit/jupiter/junit-jupiter-engine/5.12.1/junit-jupiter-engine-5.12.1.jar to /home/gradle/.gradle/.tmp/gradle_download4665258572123772430bin
#11 18.23 Downloading https://repo.maven.apache.org/maven2/org/junit/platform/junit-platform-engine/1.12.1/junit-platform-engine-1.12.1.jar to /home/gradle/.gradle/.tmp/gradle_download3360704147787228098bin
#11 18.23 Build cache key for task ':app:test' is d34584d57785b1fb9f8ac1ed24beea53
#11 18.23 Task ':app:test' is not up-to-date because:
#11 18.23   Output property 'binaryResultsDirectory' file /home/gradle/project/app/build/test-results/test/binary has been removed.
#11 18.23   Output property 'binaryResultsDirectory' file /home/gradle/project/app/build/test-results/test/binary/output.bin has been removed.
#11 18.23   Output property 'binaryResultsDirectory' file /home/gradle/project/app/build/test-results/test/binary/output.bin.idx has been removed.
#11 18.23   and more...
#11 18.23 Starting process 'Gradle Test Executor 1'. Working directory: /home/gradle/project/app Command: /opt/java/openjdk/bin/java -Dorg.gradle.internal.worker.tmpdir=/home/gradle/project/app/build/tmp/test/work @/home/gradle/.gradle/.tmp/gradle-worker-classpath987556747681926690txt -Xmx512m -Dfile.encoding=UTF-8 -Duser.country=US -Duser.language=en -Duser.variant -ea worker.org.gradle.process.internal.worker.GradleWorkerMain 'Gradle Test Executor 1'
#11 18.23 Successfully started process 'Gradle Test Executor 1'
#11 18.23 
#11 18.23 LinkedListTest > reverseBetween1() STANDARD_OUT
#11 18.23     Original List:
#11 18.23     [ 10 -> 20 -> 30 -> 40 -> 50 -> 60 -> 70 ]
#11 18.23     Reversed List between 2 and 5:
#11 18.23     [ 10 -> 20 -> 60 -> 50 -> 40 -> 30 -> 70 ]
#11 18.23 
#11 18.23 LinkedListTest > reverseBetween2() STANDARD_OUT
#11 18.23     Original List:
#11 18.23     [ 10 -> 20 -> 30 -> 40 -> 50 -> 60 -> 70 ]
#11 18.23     Reversed List between 0 and 5:
#11 18.23     [ 60 -> 50 -> 40 -> 30 -> 20 -> 10 -> 70 ]
#11 18.23 
#11 18.23 LinkedListTest > reverseBetween3() STANDARD_OUT
#11 18.23     Original List:
#11 18.23     [ 10 -> 20 -> 30 -> 40 -> 50 -> 60 -> 70 ]
#11 18.23     Reversed List between 1 and 6:
#11 18.23     [ 10 -> 70 -> 60 -> 50 -> 40 -> 30 -> 20 ]
#11 18.23 
#11 18.23 LinkedListTest > reverseBetween4() STANDARD_OUT
#11 18.23     Original List:
#11 18.23     [ 10 -> 20 -> 30 -> 40 -> 50 -> 60 -> 70 ]
#11 18.23     Reversed List between 0 and 6:
#11 18.23     [ 70 -> 60 -> 50 -> 40 -> 30 -> 20 -> 10 ]
#11 18.23 
#11 18.23 LinkedListTest > reverseBetween5() STANDARD_OUT
#11 18.23     Original List:
#11 18.23     [ 10 -> 20 ]
#11 18.23     Reversed List between 0 and 1:
#11 18.23     [ 20 -> 10 ]
#11 18.23 Finished generating test XML results (0.002 secs) into: /home/gradle/project/app/build/test-results/test
#11 18.23 Generating HTML test report...
#11 18.23 Finished generating test html results (0.008 secs) into: /home/gradle/project/app/build/reports/tests/test
#11 18.23 Stored cache entry for task ':app:test' with cache key d34584d57785b1fb9f8ac1ed24beea53
#11 18.23 Resolve mutations for :app:check (Thread[#61,Execution worker Thread 2,5,main]) started.
#11 18.23 :app:check (Thread[#61,Execution worker Thread 2,5,main]) started.
#11 18.23 
#11 18.23 > Task :app:check
#11 18.23 Skipping task ':app:check' as it has no actions.
#11 18.23 Resolve mutations for :app:build (Thread[#61,Execution worker Thread 2,5,main]) started.
#11 18.23 :app:build (Thread[#61,Execution worker Thread 2,5,main]) started.
#11 18.23 
#11 18.23 > Task :app:build
#11 18.23 Skipping task ':app:build' as it has no actions.
#11 18.23 
#11 18.23 BUILD SUCCESSFUL in 17s
#11 18.23 8 actionable tasks: 8 executed
#11 DONE 18.3s

#12 [stage-1 3/3] COPY --from=build /home/gradle/project/app/build/libs/sll-reverse-between.jar sll-reverse-between.jar
#12 DONE 0.0s

#13 exporting to image
#13 exporting layers 0.0s done
#13 writing image sha256:ba9d39966a1ac15ad970801fd3505356b2fdf7d1e949b0dca672768117583f29 done
#13 naming to docker.io/library/sll-reverse-between done
#13 DONE 0.0s

What's Next?
  View a summary of image vulnerabilities and recommendations → docker scout quickview
